<?xml version="1.0" encoding="UTF-8"?>
<!-- Generated by org.testng.reporters.JUnitXMLReporter -->
<testsuite ignored="0" hostname="INLEN8520075188" failures="1" tests="2" name="Test1" time="0.012" errors="0" timestamp="2024-11-08T14:30:37 IST">
  <testcase classname="CrossBroswer.Test1" name="test" time="0.0">
    <failure type="org.testng.TestNGException" message="
Parameter &amp;apos;username&amp;apos; is required by @Test on method test but has not been marked @Optional or defined
in C:\Users\akbhaska\Desktop\LearnSelende\TestngUsingSelenium\testng.xml">
      <![CDATA[org.testng.TestNGException: 
Parameter 'username' is required by @Test on method test but has not been marked @Optional or defined
in C:\Users\akbhaska\Desktop\LearnSelende\TestngUsingSelenium\testng.xml
at java.base/java.util.ArrayList.forEach(ArrayList.java:1511)
... Removed 26 stack frames]]>
    </failure>
  </testcase> <!-- test -->
  <testcase classname="CrossBroswer.Test1" name="test1" time="0.001"/>
</testsuite> <!-- Test1 -->
