<?xml version="1.0" encoding="UTF-8"?>
<!-- Generated by org.testng.reporters.JUnitXMLReporter -->
<testsuite ignored="0" hostname="INLEN8520075188" failures="2" tests="3" name="Regression" time="0.075" errors="0" timestamp="2024-11-06T23:33:16 IST">
  <testcase classname="Assertion.SoftAssertion" name="test1" time="0.022">
    <failure type="java.lang.AssertionError" message="The following asserts failed:
	expected [13] but found [12],
	expected [13.2] but found [12.2],
	expected [mukesh] but found [Mukesh],
	expected [true] but found [false],
	expected [false] but found [true]">
      <![CDATA[java.lang.AssertionError: The following asserts failed:
expected [13] but found [12],
expected [13.2] but found [12.2],
expected [mukesh] but found [Mukesh],
expected [true] but found [false],
expected [false] but found [true]
at Assertion.SoftAssertion.test1(SoftAssertion.java:31)
at java.base/java.util.ArrayList.forEach(ArrayList.java:1511)
... Removed 27 stack frames]]>
    </failure>
  </testcase> <!-- test1 -->
  <testcase classname="Assertion.Dependecy" name="Login" time="0.001">
    <failure type="java.lang.ArithmeticException" message="/ by zero">
      <![CDATA[java.lang.ArithmeticException: / by zero
at Assertion.Dependecy.Login(Dependecy.java:9)
at java.base/java.util.ArrayList.forEach(ArrayList.java:1511)
... Removed 25 stack frames]]>
    </failure>
  </testcase> <!-- Login -->
  <testcase classname="Assertion.Dependecy" name="Logout" time="0.0">
    <skipped/>
  </testcase> <!-- Logout -->
</testsuite> <!-- Regression -->
